C51 COMPILER V9.54   MAIN                                                                  06/13/2024 21:54:59 PAGE 1   


C51 COMPILER V9.54, COMPILATION OF MODULE MAIN
OBJECT MODULE PLACED IN .\Objects\main.obj
COMPILER INVOKED BY: C:\Keil_v5\C51\BIN\C51.EXE main.c OPTIMIZE(8,SPEED) BROWSE DEBUG OBJECTEXTEND PRINT(.\Listings\main
                    -.lst) OBJECT(.\Objects\main.obj)

line level    source

   1          #include "regx52.h"
   2          
   3          void Delay(unsigned int xms)            //@12.000MHz
   4          {
   5   1              unsigned char i, j;
   6   1              while(xms--)
   7   1              {
   8   2                      i = 2;
   9   2                      j = 239;
  10   2                      do
  11   2                      {
  12   3                              while (--j);
  13   3                      } while (--i);
  14   2              }       
  15   1      }
  16          
  17          //unsigned int smg_value[] = {0x3f, 0x06, 0x5b, 0x4f, 0x66, 0x6d,
  18          //0x7d, 0x07, 0x7f, 0x6f, 0x77, 0x7c, 0x39, 0x5e, 0x79, 0x71};
  19          
  20          void Nixie(unsigned int id)
  21          {
  22   1          switch(id)
  23   1          {
  24   2              case 1: P3_6 = 1; P3_5 = 0; P3_4 = 0; break;
  25   2              case 2: P3_6 = 1; P3_5 = 0; P3_4 = 1; break;
  26   2              case 3: P3_6 = 1; P3_5 = 1; P3_4 = 0; break;
  27   2              case 4: P3_6 = 1; P3_5 = 1; P3_4 = 1; break;
  28   2              case 5: P3_6 = 0; P3_5 = 0; P3_4 = 0; break;
  29   2              case 6: P3_6 = 0; P3_5 = 0; P3_4 = 1; break;
  30   2              case 7: P3_6 = 0; P3_5 = 1; P3_4 = 0; break;
  31   2              case 8: P3_6 = 0; P3_5 = 1; P3_4 = 1; break;
  32   2              default: break;
  33   2          }
  34   1      }
  35          
  36          //void main()
  37          //{
  38          //    unsigned int i,j;
  39          //      while(1)
  40          //    {
  41          //        for(i = 0; i < 2;i++)
  42          //        {
  43          //                Nixie(i,i);
  44          //                Delay(20);
  45          ////            for(j = 1; j < 2;j++)
  46          ////            {
  47          
  48          ////            }
  49          //            
  50          //        }
  51          //      }
  52          //}
  53          
  54          
C51 COMPILER V9.54   MAIN                                                                  06/13/2024 21:54:59 PAGE 2   

  55          
  56          
  57          #define HC_A P3_4
  58          #define HC_B P3_5
  59          #define HC_C P3_6
  60          
  61          unsigned int smgduan[17]={0x3f,0x06,0x5b,0x4f,0x66,0x6d,0x7d,0x07,
  62                                                  0x7f,0x6f,0x77,0x7c,0x39,0x5e,0x79,0x71};//??0~F??
  63          
  64          
  65          void delayus(unsigned int i)    // 10*i us
  66          {
  67   1              while(i--);     
  68   1      }
  69          
  70          void Select(unsigned int Pos)  // ??,?????????
  71          {
  72   1              switch(Pos)      
  73   1          {
  74   2              case(1):
  75   2                  HC_A=0;HC_B=0;HC_C=1; break;
  76   2              case(2):
  77   2                  HC_A=1;HC_B=0;HC_C=1; break;
  78   2              case(3):
  79   2                  HC_A=0;HC_B=1;HC_C=1; break;
  80   2              case(4):
  81   2                  HC_A=1;HC_B=1;HC_C=1; break;
  82   2              case(5):
  83   2                  HC_A=0;HC_B=0;HC_C=0; break;
  84   2              case(6):
  85   2                  HC_A=1;HC_B=0;HC_C=0; break;
  86   2              case(7):
  87   2                  HC_A=0;HC_B=1;HC_C=0; break;
  88   2              case(8):
  89   2                  HC_A=1;HC_B=1;HC_C=0; break;
  90   2          }
  91   1                      
  92   1      }
  93          
  94          void show_two(unsigned long num)  // ??????????????
  95          {               
  96   1          unsigned int j = 0;
  97   1          for(j = 0; j<100;j++)
  98   1          {    
  99   2              if(num >= 10000000)
 100   2              {
 101   3                  Nixie(8);
 102   3                  P0=smgduan[num/10000000%10];
 103   3                  delayus(100); 
 104   3                  P0=0x00;
 105   3              }
 106   2              
 107   2              if(num >= 1000000)
 108   2              {
 109   3                  Nixie(7);
 110   3                  P0=smgduan[num/1000000%10];
 111   3                  delayus(100); 
 112   3                  P0=0x00;
 113   3              }
 114   2              
 115   2              if(num >= 100000)
 116   2              {
C51 COMPILER V9.54   MAIN                                                                  06/13/2024 21:54:59 PAGE 3   

 117   3                  Nixie(6);
 118   3                  P0=smgduan[num/100000%10];
 119   3                  delayus(100); 
 120   3                  P0=0x00;
 121   3              }
 122   2      
 123   2              if(num >= 10000)
 124   2              {
 125   3                  Nixie(5);
 126   3                  P0=smgduan[num/10000%10];
 127   3                  delayus(100); 
 128   3                  P0=0x00;
 129   3              }
 130   2      
 131   2              if(num >= 1000)
 132   2              {
 133   3                  Nixie(4);
 134   3                  P0=smgduan[num/1000%10];
 135   3                  delayus(100); 
 136   3                  P0=0x00;
 137   3              }
 138   2      
 139   2      
 140   2              if(num >= 100)
 141   2              {
 142   3                  Nixie(3);
 143   3                  P0=smgduan[(num/100)%10];
 144   3                  delayus(100); 
 145   3                  P0=0x00;
 146   3              }
 147   2      
 148   2              if(num >= 10)
 149   2              {
 150   3                  Nixie(2);
 151   3                  P0=smgduan[(num/10)%10];
 152   3                  delayus(100); 
 153   3                  P0=0x00;
 154   3              }
 155   2      
 156   2              Nixie(1);
 157   2              P0=smgduan[num%10];
 158   2              delayus(100); 
 159   2              P0=0x00;
 160   2      
 161   2          }
 162   1      }
 163          
 164          void main()
 165          {
 166   1          unsigned long i = 0, j = 0;
 167   1          while(1)
 168   1          {
 169   2              for(i = 0; i<100000000;i++)
 170   2              {
 171   3                  show_two(i);
 172   3              }
 173   2          }
 174   1      
 175   1      }


MODULE INFORMATION:   STATIC OVERLAYABLE
C51 COMPILER V9.54   MAIN                                                                  06/13/2024 21:54:59 PAGE 4   

   CODE SIZE        =    678    ----
   CONSTANT SIZE    =   ----    ----
   XDATA SIZE       =   ----    ----
   PDATA SIZE       =   ----    ----
   DATA SIZE        =     34      14
   IDATA SIZE       =   ----    ----
   BIT SIZE         =   ----    ----
END OF MODULE INFORMATION.


C51 COMPILATION COMPLETE.  0 WARNING(S),  0 ERROR(S)
