C51 COMPILER V9.54   UART                                                                  06/18/2024 20:30:38 PAGE 1   


C51 COMPILER V9.54, COMPILATION OF MODULE UART
OBJECT MODULE PLACED IN .\Objects\UART.obj
COMPILER INVOKED BY: C:\Keil_v5\C51\BIN\C51.EXE UART.c OPTIMIZE(8,SPEED) BROWSE INCDIR(.\Delay;..\11-2 ԷݿL
                    -ED) DEBUG OBJECTEXTEND PRINT(.\Listings\UART.lst) OBJECT(.\Objects\UART.obj)

line level    source

   1          #include "UART.h"
   2          #include "regx52.h"
   3          
   4          void UART_Init(void)
   5          {
   6   1          SCON = 0x50;
   7   1          PCON = 0x80;
   8   1          IE   =
   9   1          
  10   1          TMOD &= 0x0F;               //清除定时器1模式位
  11   1              TMOD |= 0x20;           //设定定时器1为8位自动重装方式
  12   1              TL1 = 0xF3;                 //设定定时初值
  13   1              TH1 = 0xF3;                 //设定定时器重装值
  14   1              ET1 = 0;                    //禁止定时器1中断
  15   1          TR1 = 1;                //启动定时器1
  16   1          ES  = 1;
  17   1          EA  = 1; 
  18   1      }
  19          
  20          void UART_SendByte(unsigned char byte)
  21          {
  22   1          SBUF = byte;
  23   1          while(TI == 0);
  24   1          TI = 0;    
  25   1      }
  26          
  27          void UART_Routine() interrupt 4
  28          {
  29   1          if(RI == 1)
  30   1          {
  31   2              P2 = ~SBUF;
  32   2              UART_SendByte(SBUF);
  33   2              RI = 0;
  34   2          }
  35   1          
  36   1          
  37   1      }


MODULE INFORMATION:   STATIC OVERLAYABLE
   CODE SIZE        =     72    ----
   CONSTANT SIZE    =   ----    ----
   XDATA SIZE       =   ----    ----
   PDATA SIZE       =   ----    ----
   DATA SIZE        =   ----    ----
   IDATA SIZE       =   ----    ----
   BIT SIZE         =   ----    ----
END OF MODULE INFORMATION.


C51 COMPILATION COMPLETE.  0 WARNING(S),  0 ERROR(S)
