C51 COMPILER V9.54   KEY                                                                   06/16/2024 14:26:18 PAGE 1   


C51 COMPILER V9.54, COMPILATION OF MODULE KEY
OBJECT MODULE PLACED IN .\Objects\key.obj
COMPILER INVOKED BY: C:\Keil_v5\C51\BIN\C51.EXE key.c OPTIMIZE(8,SPEED) BROWSE INCDIR(..\10-2 定时器按键控制LED流水灯;.\
                    -Delay) DEBUG OBJECTEXTEND PRINT(.\Listings\key.lst) OBJECT(.\Objects\key.obj)

line level    source

   1          #include "key.h"
   2          #include "regx52.h"
   3          #include "Delay.h"
   4          
   5          unsigned char key()
   6          {
   7   1          unsigned char key_num = 0;
   8   1          
   9   1          if( P1_0 == 0) { Delay(20); while( P1_0 == 0); Delay(20); key_num = 1; }
  10   1          if( P1_1 == 0) { Delay(20); while( P1_1 == 0); Delay(20); key_num = 2; }
  11   1          if( P1_4 == 0) { Delay(20); while( P1_4 == 0); Delay(20); key_num = 3; }
  12   1          if( P1_5 == 0) { Delay(20); while( P1_5 == 0); Delay(20); key_num = 4; }
  13   1          
  14   1          return key_num;
  15   1          
  16   1      }


MODULE INFORMATION:   STATIC OVERLAYABLE
   CODE SIZE        =     97    ----
   CONSTANT SIZE    =   ----    ----
   XDATA SIZE       =   ----    ----
   PDATA SIZE       =   ----    ----
   DATA SIZE        =   ----       1
   IDATA SIZE       =   ----    ----
   BIT SIZE         =   ----    ----
END OF MODULE INFORMATION.


C51 COMPILATION COMPLETE.  0 WARNING(S),  0 ERROR(S)
