C51 COMPILER V9.54   MAIN                                                                  06/16/2024 14:26:17 PAGE 1   


C51 COMPILER V9.54, COMPILATION OF MODULE MAIN
OBJECT MODULE PLACED IN .\Objects\main.obj
COMPILER INVOKED BY: C:\Keil_v5\C51\BIN\C51.EXE main.c OPTIMIZE(8,SPEED) BROWSE INCDIR(..\10-2 定时器按键控制LED流水灯;.
                    -\Delay) DEBUG OBJECTEXTEND PRINT(.\Listings\main.lst) OBJECT(.\Objects\main.obj)

line level    source

   1          #include "regx52.h"
   2          #include "Timer.h"
   3          #include "INTRINS.H"
   4          #include "key.h"
   5          
   6          
   7          unsigned char Count = 0;
   8          unsigned char led_mode  = 0;
   9          unsigned char key_num = 0;
  10          void Timer0_Rountine(void) interrupt 1
  11          {
  12   1          TL0   = 0x18; 
  13   1          TH0   = 0xFC;
  14   1          if(Count > 100)
  15   1          {
  16   2              Count = 0;
  17   2              P2 = led_mode == 0 ? _crol_(P2,1) : _cror_(P2,1);
  18   2          }
  19   1          Count++;
  20   1      }
  21          
  22          void main()
  23          {
  24   1          Timer0_init();
  25   1          P2 = 0xFE;
  26   1          
  27   1          while(1)
  28   1          {
  29   2              key_num = key();
  30   2              if(key_num == 1)
  31   2              {
  32   3                  led_mode++;
  33   3                  led_mode = led_mode % 2;
  34   3              }
  35   2              
  36   2          }
  37   1      }


MODULE INFORMATION:   STATIC OVERLAYABLE
   CODE SIZE        =     93    ----
   CONSTANT SIZE    =   ----    ----
   XDATA SIZE       =   ----    ----
   PDATA SIZE       =   ----    ----
   DATA SIZE        =      3    ----
   IDATA SIZE       =   ----    ----
   BIT SIZE         =   ----    ----
END OF MODULE INFORMATION.


C51 COMPILATION COMPLETE.  0 WARNING(S),  0 ERROR(S)
