C51 COMPILER V9.54   TIMER                                                                 06/16/2024 14:25:30 PAGE 1   


C51 COMPILER V9.54, COMPILATION OF MODULE TIMER
OBJECT MODULE PLACED IN .\Objects\Timer.obj
COMPILER INVOKED BY: C:\Keil_v5\C51\BIN\C51.EXE Timer.c OPTIMIZE(8,SPEED) BROWSE INCDIR(..\10-2 定时器按键控制LED流水灯;
                    -.\Delay) DEBUG OBJECTEXTEND PRINT(.\Listings\Timer.lst) OBJECT(.\Objects\Timer.obj)

line level    source

   1          #include "Timer.h"
   2          #include "regx52.h"
   3          
   4          
   5          
   6          void Timer0_init()
   7          {
   8   1          TMOD &= 0xF0;
   9   1          TMOD |= 0x01;
  10   1          TL0   = 0x18; 
  11   1          TH0   = 0xFC;
  12   1          TF0   = 0;
  13   1          TR0   = 1;
  14   1          
  15   1          ET0 = 1;
  16   1          EA  = 1;
  17   1          PT0 = 0;
  18   1          
  19   1      }


MODULE INFORMATION:   STATIC OVERLAYABLE
   CODE SIZE        =     23    ----
   CONSTANT SIZE    =   ----    ----
   XDATA SIZE       =   ----    ----
   PDATA SIZE       =   ----    ----
   DATA SIZE        =   ----    ----
   IDATA SIZE       =   ----    ----
   BIT SIZE         =   ----    ----
END OF MODULE INFORMATION.


C51 COMPILATION COMPLETE.  0 WARNING(S),  0 ERROR(S)
