C51 COMPILER V9.54   MAIN                                                                  06/12/2024 21:07:25 PAGE 1   


C51 COMPILER V9.54, COMPILATION OF MODULE MAIN
OBJECT MODULE PLACED IN .\Objects\main.obj
COMPILER INVOKED BY: C:\Keil_v5\C51\BIN\C51.EXE main.c OPTIMIZE(8,SPEED) BROWSE DEBUG OBJECTEXTEND PRINT(.\Listings\main
                    -.lst) TABS(2) OBJECT(.\Objects\main.obj)

line level    source

   1          #include "regx52.h"
   2          
   3          void Delay(unsigned int xms)    //@12.000MHz
   4          {
   5   1        unsigned char i, j;
   6   1        while(xms--)
   7   1        {
   8   2            i = 12;
   9   2            j = 169;
  10   2            do
  11   2            {
  12   3              while (--j);
  13   3            } while (--i);
  14   2        } 
  15   1      }
  16          
  17          void main()
  18          {
  19   1        unsigned int delay = 100;
  20   1        while(1){
  21   2            P2 = 0xFE;
  22   2            Delay(delay*2);
  23   2            P2 = 0xFD;
  24   2            Delay(delay);
  25   2            P2 = 0xFB;
  26   2            Delay(delay*2);
  27   2            P2 = 0xF7;
  28   2            Delay(delay);
  29   2            P2 = 0xEF;
  30   2            Delay(delay*2);
  31   2            P2 = 0xDF;
  32   2            Delay(delay);
  33   2            P2 = 0xBF;
  34   2            Delay(delay*2);
  35   2            P2 =  0x7F;
  36   2            Delay(delay);
  37   2        }
  38   1      }


MODULE INFORMATION:   STATIC OVERLAYABLE
   CODE SIZE        =     98    ----
   CONSTANT SIZE    =   ----    ----
   XDATA SIZE       =   ----    ----
   PDATA SIZE       =   ----    ----
   DATA SIZE        =   ----    ----
   IDATA SIZE       =   ----    ----
   BIT SIZE         =   ----    ----
END OF MODULE INFORMATION.


C51 COMPILATION COMPLETE.  0 WARNING(S),  0 ERROR(S)
