C51 COMPILER V9.54   MAIN                                                                  06/12/2024 21:25:04 PAGE 1   


C51 COMPILER V9.54, COMPILATION OF MODULE MAIN
OBJECT MODULE PLACED IN .\Objects\main.obj
COMPILER INVOKED BY: C:\Keil_v5\C51\BIN\C51.EXE main.c OPTIMIZE(8,SPEED) BROWSE DEBUG OBJECTEXTEND PRINT(.\Listings\main
                    -.lst) TABS(2) OBJECT(.\Objects\main.obj)

line level    source

   1          #include "regx52.h"
   2          
   3          void Delay(unsigned int xms)    //@12.000MHz
   4          {
   5   1        unsigned char i, j;
   6   1        while(xms--)
   7   1        {
   8   2            i = 12;
   9   2            j = 169;
  10   2            do
  11   2            {
  12   3              while (--j);
  13   3            } while (--i);
  14   2        } 
  15   1      }
  16          
  17          void main()
  18          {
  19   1        while(1){
  20   2            if(P1_0 == 0)
  21   2            {
  22   3                P2_0 = 0;
  23   3            }
  24   2            else 
  25   2            {
  26   3                P2_0 = 1;
  27   3            }
  28   2        }
  29   1      }


MODULE INFORMATION:   STATIC OVERLAYABLE
   CODE SIZE        =     32    ----
   CONSTANT SIZE    =   ----    ----
   XDATA SIZE       =   ----    ----
   PDATA SIZE       =   ----    ----
   DATA SIZE        =   ----    ----
   IDATA SIZE       =   ----    ----
   BIT SIZE         =   ----    ----
END OF MODULE INFORMATION.


C51 COMPILATION COMPLETE.  0 WARNING(S),  0 ERROR(S)
