C51 COMPILER V9.54   TIMER                                                                 06/16/2024 13:43:10 PAGE 1   


C51 COMPILER V9.54, COMPILATION OF MODULE TIMER
OBJECT MODULE PLACED IN .\Objects\Timer.obj
COMPILER INVOKED BY: C:\Keil_v5\C51\BIN\C51.EXE Timer.c OPTIMIZE(8,SPEED) BROWSE INCDIR(..\10-1 ¶¨Ê±Æ÷¿ØÖÆLEDµÆ) DEBUG O
                    -BJECTEXTEND PRINT(.\Listings\Timer.lst) OBJECT(.\Objects\Timer.obj)

line level    source

   1          #include "Timer.h"
   2          #include "regx52.h"
   3          
   4          void Timer0_init()
   5          {
   6   1          TMOD &= 0xF0;
   7   1          TMOD |= 0x01;
   8   1          TL0   = 0x18; 
   9   1          TH0   = 0xFC;
  10   1          TF0   = 0;
  11   1          TR0   = 1;
  12   1          
  13   1          ET0 = 1;
  14   1          EA  = 1;
  15   1          PT0 = 0;
  16   1          
  17   1      }
  18          unsigned char Count = 0;
  19          void Timer0_Rountine(void) interrupt 1
  20          {
  21   1          TL0   = 0x18; 
  22   1          TH0   = 0xFC;
  23   1          if(Count > 100)
  24   1          {
  25   2              Count = 0;
  26   2              P2_0 = ~P2_0;
  27   2          }
  28   1          Count++;
  29   1      }


MODULE INFORMATION:   STATIC OVERLAYABLE
   CODE SIZE        =     52    ----
   CONSTANT SIZE    =   ----    ----
   XDATA SIZE       =   ----    ----
   PDATA SIZE       =   ----    ----
   DATA SIZE        =      1    ----
   IDATA SIZE       =   ----    ----
   BIT SIZE         =   ----    ----
END OF MODULE INFORMATION.


C51 COMPILATION COMPLETE.  0 WARNING(S),  0 ERROR(S)
