C51 COMPILER V9.54   MAIN                                                                  06/14/2024 23:03:32 PAGE 1   


C51 COMPILER V9.54, COMPILATION OF MODULE MAIN
OBJECT MODULE PLACED IN .\Objects\main.obj
COMPILER INVOKED BY: C:\Keil_v5\C51\BIN\C51.EXE main.c OPTIMIZE(8,SPEED) BROWSE INCDIR(.\Hardware;.\Delay;C:\Keil_v5\C51
                    -\INC\Atmel) DEBUG OBJECTEXTEND PRINT(.\Listings\main.lst) OBJECT(.\Objects\main.obj)

line level    source

   1          #include "regx52.h"
   2          #include "MatrixKey.h"
   3          #include "Nixie.h"
   4          
   5          unsigned char KeyNum = 0;
   6          
   7          void main()
   8          {
   9   1          NiXie_init();
  10   1          while(1)
  11   1          {
  12   2              KeyNum = MatrixKey();
  13   2              if(KeyNum != 0) 
  14   2              {
  15   3                  NiXie(1,KeyNum);
  16   3              }
  17   2          }
  18   1      }    


MODULE INFORMATION:   STATIC OVERLAYABLE
   CODE SIZE        =     20    ----
   CONSTANT SIZE    =   ----    ----
   XDATA SIZE       =   ----    ----
   PDATA SIZE       =   ----    ----
   DATA SIZE        =      1    ----
   IDATA SIZE       =   ----    ----
   BIT SIZE         =   ----    ----
END OF MODULE INFORMATION.


C51 COMPILATION COMPLETE.  0 WARNING(S),  0 ERROR(S)
